[04:50:13] [Server thread/INFO]: Starting minecraft server version 1.8.8
[04:50:13] [Server thread/INFO]: Loading properties
[04:50:13] [Server thread/INFO]: Default game type: ADVENTURE
[04:50:13] [Server thread/INFO]: This server is running CraftBukkit version git-PaperSpigot-"4c7641d" (MC: 1.8.8) (Implementing API version 1.8.8-R0.1-SNAPSHOT)
[04:50:14] [Server thread/INFO]: Debug logging is disabled
[04:50:14] [Server thread/INFO]: Spigot Timings: true - Verbose: true - Interval: 5m - Length: 60m
[04:50:14] [Server thread/INFO]: Server Ping Player Sample Count: 12
[04:50:14] [Server thread/INFO]: Using 4 threads for Netty based IO
[04:50:14] [Server thread/INFO]: Data value allowed items: 
[04:50:14] [Server thread/INFO]: Generating keypair
[04:50:14] [Server thread/INFO]: Starting Minecraft server on *:13172
[04:50:14] [Server thread/INFO]: Using default channel type
[04:50:16] [Server thread/INFO]: Set PluginClassLoader as parallel capable
[04:50:16] [Server thread/INFO]: [PlugMan] Loading PlugMan v2.1.5
[04:50:16] [Server thread/INFO]: [TitleManager] Loading TitleManager v2.1.3
[04:50:16] [Server thread/INFO]: [NginxMC] Loading NginxMC v1.8.20a preview build
[04:50:16] [Server thread/INFO]: [WorldEdit] Loading WorldEdit v6.1.7;dd00bb1
[04:50:16] [Server thread/INFO]: [ViaVersion] Loading ViaVersion v2.0.2-SNAPSHOT
[04:50:16] [Server thread/INFO]: [ViaVersion] ViaVersion 2.0.2-SNAPSHOT is now loaded, injecting!
[04:50:17] [Server thread/INFO]: [ViaVersion] Loading 1.12.2 -> 1.13 block mapping...
[04:50:17] [Server thread/INFO]: [ViaVersion] Loading 1.12.2 -> 1.13 item mapping...
[04:50:17] [Server thread/INFO]: [ViaVersion] Loading new 1.13 tags...
[04:50:17] [Server thread/INFO]: [ViaVersion] Loading 1.12.2 -> 1.13 enchantment mapping...
[04:50:17] [Server thread/INFO]: [ViaVersion] Loading 1.12.2 -> 1.13 sound mapping...
[04:50:17] [Server thread/INFO]: [ViaVersion] Loading translation mappping
[04:50:17] [Server thread/INFO]: [ViaVersion] Loading 1.13.2 -> 1.14 blockstate mapping...
[04:50:17] [Server thread/INFO]: [ViaVersion] Loading 1.13.2 -> 1.14 block mapping...
[04:50:17] [Server thread/INFO]: [ViaVersion] Loading 1.13.2 -> 1.14 item mapping...
[04:50:17] [Server thread/INFO]: [ViaVersion] Loading 1.13.2 -> 1.14 sound mapping...
[04:50:17] [Server thread/INFO]: [ViaVersion] Loading 1.14 blockstates...
[04:50:17] [Server thread/INFO]: [ViaVersion] Loading 1.14 heightmap data...
